<?xml version="1.0" encoding="UTF-8"?>
<testng-results skipped="0" failed="0" total="1" passed="1">
  <reporter-output>
  </reporter-output>
  <suite name="Default suite" duration-ms="1734" started-at="2021-12-14T21:08:35Z" finished-at="2021-12-14T21:08:37Z">
    <groups>
    </groups>
    <test name="Default test" duration-ms="1734" started-at="2021-12-14T21:08:35Z" finished-at="2021-12-14T21:08:37Z">
      <class name="testscrips.CompareTemparature">
        <test-method status="PASS" signature="setup()[pri:0, instance:testscrips.CompareTemparature@7f9a81e8]" name="setup" is-config="true" duration-ms="14312" started-at="2021-12-15T02:38:21Z" finished-at="2021-12-15T02:38:35Z">
          <reporter-output>
          </reporter-output>
        </test-method> <!-- setup -->
        <test-method status="PASS" signature="CompareTemparature()[pri:0, instance:testscrips.CompareTemparature@7f9a81e8]" name="CompareTemparature" duration-ms="1712" started-at="2021-12-15T02:38:35Z" finished-at="2021-12-15T02:38:37Z">
          <reporter-output>
          </reporter-output>
        </test-method> <!-- CompareTemparature -->
        <test-method status="PASS" signature="tearDown()[pri:0, instance:testscrips.CompareTemparature@7f9a81e8]" name="tearDown" is-config="true" duration-ms="128" started-at="2021-12-15T02:38:37Z" finished-at="2021-12-15T02:38:37Z">
          <reporter-output>
          </reporter-output>
        </test-method> <!-- tearDown -->
      </class> <!-- testscrips.CompareTemparature -->
    </test> <!-- Default test -->
  </suite> <!-- Default suite -->
</testng-results>
